<html>
<head>
<title>TestNG:  WebShop</title>
<link href="../testng.css" rel="stylesheet" type="text/css" />
<link href="../my-testng.css" rel="stylesheet" type="text/css" />

<style type="text/css">
.log { display: none;} 
.stack-trace { display: none;} 
</style>
<script type="text/javascript">
<!--
function flip(e) {
  current = e.style.display;
  if (current == 'block') {
    e.style.display = 'none';
    return 0;
  }
  else {
    e.style.display = 'block';
    return 1;
  }
}

function toggleBox(szDivId, elem, msg1, msg2)
{
  var res = -1;  if (document.getElementById) {
    res = flip(document.getElementById(szDivId));
  }
  else if (document.all) {
    // this is the way old msie versions work
    res = flip(document.all[szDivId]);
  }
  if(elem) {
    if(res == 0) elem.innerHTML = msg1; else elem.innerHTML = msg2;
  }

}

function toggleAllBoxes() {
  if (document.getElementsByTagName) {
    d = document.getElementsByTagName('div');
    for (i = 0; i < d.length; i++) {
      if (d[i].className == 'log') {
        flip(d[i]);
      }
    }
  }
}

// -->
</script>

</head>
<body>
<h2 align='center'>WebShop</h2><table border='1' align="center">
<tr>
<td>Tests passed/Failed/Skipped:</td><td>4/0/1</td>
</tr><tr>
<td>Started on:</td><td>Wed May 20 16:15:14 CEST 2020</td>
</tr>
<tr><td>Total time:</td><td>56 seconds (56513 ms)</td>
</tr><tr>
<td>Included groups:</td><td></td>
</tr><tr>
<td>Excluded groups:</td><td></td>
</tr>
</table><p/>
<small><i>(Hover the method name to see the test class name)</i></small><p/>
<table width='100%' border='1' class='invocation-passed'>
<tr><td colspan='4' align='center'><b>PASSED TESTS</b></td></tr>
<tr><td><b>Test method</b></td>
<td width="30%"><b>Exception</b></td>
<td width="10%"><b>Time (seconds)</b></td>
<td><b>Instance</b></td>
</tr>
<tr>
<td title='org.seleniumjava.tests.LoginTest.loginTest()'><b>loginTest</b><br>Test class: org.seleniumjava.tests.LoginTest<br/>
<a href="#Output-1223357487" onClick='toggleBox("Output-1223357487", this, "Show output", "Hide output");'>Show output</a>

<a href="#Output-1223357487" onClick="toggleAllBoxes();">Show all outputs</a>
<div class='log' id="Output-1223357487">
Test Case loginTesthas Started<br/>
Trying to click on: [[ChromeDriver: chrome on WINDOWS (9a2b7b69fa034571ecca243f17e17636)] -> class name: ico-login]<br/>
Clicked on: [[ChromeDriver: chrome on WINDOWS (9a2b7b69fa034571ecca243f17e17636)] -> class name: ico-login]<br/>
Trying to click on: [[ChromeDriver: chrome on WINDOWS (9a2b7b69fa034571ecca243f17e17636)] -> xpath: //input[contains(@class,'login-button')]]<br/>
Clicked on: [[ChromeDriver: chrome on WINDOWS (9a2b7b69fa034571ecca243f17e17636)] -> xpath: //input[contains(@class,'login-button')]]<br/>
Test Case loginTestis Passed<br/>
</div>
</td>
<td></td>
<td>1</td>
<td>org.seleniumjava.tests.LoginTest@82c57b3</td></tr>
<tr>
<td title='org.seleniumjava.tests.ProductPageTest.selectSubProductAddToCart()'><b>selectSubProductAddToCart</b><br>Test class: org.seleniumjava.tests.ProductPageTest<br/>
<a href="#Output-430994439" onClick='toggleBox("Output-430994439", this, "Show output", "Hide output");'>Show output</a>

<a href="#Output-430994439" onClick="toggleAllBoxes();">Show all outputs</a>
<div class='log' id="Output-430994439">
Test Case selectSubProductAddToCarthas Started<br/>
Trying to click on: [[ChromeDriver: chrome on WINDOWS (a9efb1701a2cf4e4e4c7257591aa0333)] -> link text: Apparel & Shoes]<br/>
Clicked on: [[ChromeDriver: chrome on WINDOWS (a9efb1701a2cf4e4e4c7257591aa0333)] -> link text: Apparel & Shoes]<br/>
Trying to click on: [[ChromeDriver: chrome on WINDOWS (a9efb1701a2cf4e4e4c7257591aa0333)] -> link text: Blue Jeans]<br/>
Clicked on: [[ChromeDriver: chrome on WINDOWS (a9efb1701a2cf4e4e4c7257591aa0333)] -> link text: Blue Jeans]<br/>
Trying to click on: [[ChromeDriver: chrome on WINDOWS (a9efb1701a2cf4e4e4c7257591aa0333)] -> xpath: //*[starts-with(@id,'add-to-cart') and contains(@class,'button-1')]]<br/>
Clicked on: [[ChromeDriver: chrome on WINDOWS (a9efb1701a2cf4e4e4c7257591aa0333)] -> xpath: //*[starts-with(@id,'add-to-cart') and contains(@class,'button-1')]]<br/>
Test Case selectSubProductAddToCartis Passed<br/>
</div>
</td>
<td></td>
<td>2</td>
<td>org.seleniumjava.tests.ProductPageTest@5be82d43</td></tr>
<tr>
<td title='org.seleniumjava.tests.LoginTest.verifyLoginPageTitleTest()'><b>verifyLoginPageTitleTest</b><br>Test class: org.seleniumjava.tests.LoginTest<br/>
<a href="#Output-1692481404" onClick='toggleBox("Output-1692481404", this, "Show output", "Hide output");'>Show output</a>

<a href="#Output-1692481404" onClick="toggleAllBoxes();">Show all outputs</a>
<div class='log' id="Output-1692481404">
Test Case verifyLoginPageTitleTesthas Started<br/>
Test Case verifyLoginPageTitleTestis Passed<br/>
</div>
</td>
<td></td>
<td>2</td>
<td>org.seleniumjava.tests.LoginTest@82c57b3</td></tr>
<tr>
<td title='org.seleniumjava.tests.ProductPageTest.verifyProducPageTitle()'><b>verifyProducPageTitle</b><br>Test class: org.seleniumjava.tests.ProductPageTest<br/>
<a href="#Output-1567025476" onClick='toggleBox("Output-1567025476", this, "Show output", "Hide output");'>Show output</a>

<a href="#Output-1567025476" onClick="toggleAllBoxes();">Show all outputs</a>
<div class='log' id="Output-1567025476">
Test Case verifyProducPageTitlehas Started<br/>
Trying to click on: [[ChromeDriver: chrome on WINDOWS (428c848766ce04a0430abbac822aec5f)] -> link text: Apparel & Shoes]<br/>
Clicked on: [[ChromeDriver: chrome on WINDOWS (428c848766ce04a0430abbac822aec5f)] -> link text: Apparel & Shoes]<br/>
Test Case verifyProducPageTitleis Passed<br/>
</div>
</td>
<td></td>
<td>2</td>
<td>org.seleniumjava.tests.ProductPageTest@5be82d43</td></tr>
</table><p>
<table width='100%' border='1' class='invocation-skipped'>
<tr><td colspan='4' align='center'><b>SKIPPED TESTS</b></td></tr>
<tr><td><b>Test method</b></td>
<td width="30%"><b>Exception</b></td>
<td width="10%"><b>Time (seconds)</b></td>
<td><b>Instance</b></td>
</tr>
<tr>
<td title='org.seleniumjava.tests.ProductPageTest.sortByFeature()'><b>sortByFeature</b><br>Test class: org.seleniumjava.tests.ProductPageTest</td>
<td><div><pre>java.lang.RuntimeException: java.lang.NullPointerException
Caused by: java.lang.NullPointerException
	at org.apache.poi.poifs.filesystem.FileMagic.prepareToCheckMagic(FileMagic.java:173)
	at org.apache.poi.ss.usermodel.WorkbookFactory.create(WorkbookFactory.java:224)
	at org.apache.poi.ss.usermodel.WorkbookFactory.create(WorkbookFactory.java:198)
	at org.seleniumjava.utils.excelUtils.getExcelData(excelUtils.java:33)
	at org.seleniumjava.tests.ProductPageTest.getSortByData(ProductPageTest.java:62)
	... 25 more
... Removed 33 stack frames</pre></div><a href='#' onClick='toggleBox("stack-trace1040477753", this, "Click to show all stack frames", "Click to hide stack frames")'>Click to show all stack frames</a>
<div class='stack-trace' id='stack-trace1040477753'><pre>java.lang.RuntimeException: java.lang.NullPointerException
	at org.testng.internal.MethodInvocationHelper.invokeMethodNoCheckedException(MethodInvocationHelper.java:49)
	at org.testng.internal.MethodInvocationHelper.invokeDataProvider(MethodInvocationHelper.java:131)
	at org.testng.internal.Parameters.handleParameters(Parameters.java:706)
	at org.testng.internal.ParameterHandler.handleParameters(ParameterHandler.java:49)
	at org.testng.internal.ParameterHandler.createParameters(ParameterHandler.java:37)
	at org.testng.internal.Invoker.invokeTestMethods(Invoker.java:924)
	at org.testng.internal.TestMethodWorker.invokeTestMethods(TestMethodWorker.java:125)
	at org.testng.internal.TestMethodWorker.run(TestMethodWorker.java:109)
	at org.testng.TestRunner.privateRun(TestRunner.java:648)
	at org.testng.TestRunner.run(TestRunner.java:505)
	at org.testng.SuiteRunner.runTest(SuiteRunner.java:455)
	at org.testng.SuiteRunner.runSequentially(SuiteRunner.java:450)
	at org.testng.SuiteRunner.privateRun(SuiteRunner.java:415)
	at org.testng.SuiteRunner.run(SuiteRunner.java:364)
	at org.testng.SuiteRunnerWorker.runSuite(SuiteRunnerWorker.java:52)
	at org.testng.SuiteRunnerWorker.run(SuiteRunnerWorker.java:84)
	at org.testng.TestNG.runSuitesSequentially(TestNG.java:1208)
	at org.testng.TestNG.runSuitesLocally(TestNG.java:1137)
	at org.testng.TestNG.runSuites(TestNG.java:1049)
	at org.testng.TestNG.run(TestNG.java:1017)
	at org.apache.maven.surefire.testng.TestNGExecutor.run(TestNGExecutor.java:281)
	at org.apache.maven.surefire.testng.TestNGXmlTestSuite.execute(TestNGXmlTestSuite.java:75)
	at org.apache.maven.surefire.testng.TestNGProvider.invoke(TestNGProvider.java:121)
	at org.apache.maven.surefire.booter.ForkedBooter.invokeProviderInSameClassLoader(ForkedBooter.java:290)
	at org.apache.maven.surefire.booter.ForkedBooter.runSuitesInProcess(ForkedBooter.java:242)
	at org.apache.maven.surefire.booter.ForkedBooter.main(ForkedBooter.java:121)
Caused by: java.lang.NullPointerException
	at org.apache.poi.poifs.filesystem.FileMagic.prepareToCheckMagic(FileMagic.java:173)
	at org.apache.poi.ss.usermodel.WorkbookFactory.create(WorkbookFactory.java:224)
	at org.apache.poi.ss.usermodel.WorkbookFactory.create(WorkbookFactory.java:198)
	at org.seleniumjava.utils.excelUtils.getExcelData(excelUtils.java:33)
	at org.seleniumjava.tests.ProductPageTest.getSortByData(ProductPageTest.java:62)
	at sun.reflect.NativeMethodAccessorImpl.invoke0(Native Method)
	at sun.reflect.NativeMethodAccessorImpl.invoke(Unknown Source)
	at sun.reflect.DelegatingMethodAccessorImpl.invoke(Unknown Source)
	at java.lang.reflect.Method.invoke(Unknown Source)
	at org.testng.internal.MethodInvocationHelper.invokeMethod(MethodInvocationHelper.java:124)
	at org.testng.internal.MethodInvocationHelper.invokeMethod(MethodInvocationHelper.java:74)
	at org.testng.internal.MethodInvocationHelper.invokeMethodNoCheckedException(MethodInvocationHelper.java:45)
	... 25 more
</pre></div></td>
<td>0</td>
<td>org.seleniumjava.tests.ProductPageTest@5be82d43</td></tr>
</table><p>
</body>
</html>